# JRE version: OpenJDK Runtime Environment (11.0.5+10) (build 11.0.5+10-b520.30)
# Java VM: OpenJDK 64-Bit Server VM (11.0.5+10-b520.30, mixed mode, sharing, tiered, compressed oops, g1 gc, windows-amd64)
Heap:
 garbage-first heap   total 315392K, used 65361K [0x0000000700c00000, 0x0000000800000000)
  region size 1024K, 37 young (37888K), 22 survivors (22528K)
 Metaspace       used 83502K, capacity 87087K, committed 87344K, reserved 1124352K
  class space    used 11306K, capacity 12849K, committed 12928K, reserved 1048576K
GC Heap History (20 events):
Event: 0.961 GC heap before
{Heap before GC invocations=0 (full 0):
 garbage-first heap   total 262144K, used 22528K [0x0000000700c00000, 0x0000000800000000)
  region size 1024K, 22 young (22528K), 0 survivors (0K)
 Metaspace       used 5847K, capacity 6224K, committed 6272K, reserved 1056768K
  class space    used 732K, capacity 873K, committed 896K, reserved 1048576K
}
Event: 0.967 GC heap after
{Heap after GC invocations=1 (full 0):
 garbage-first heap   total 262144K, used 9647K [0x0000000700c00000, 0x0000000800000000)
  region size 1024K, 3 young (3072K), 3 survivors (3072K)
 Metaspace       used 5847K, capacity 6224K, committed 6272K, reserved 1056768K
  class space    used 732K, capacity 873K, committed 896K, reserved 1048576K
}
Event: 1.084 GC heap before
{Heap before GC invocations=1 (full 0):
 garbage-first heap   total 262144K, used 18863K [0x0000000700c00000, 0x0000000800000000)
  region size 1024K, 12 young (12288K), 3 survivors (3072K)
 Metaspace       used 6790K, capacity 7138K, committed 7424K, reserved 1056768K
  class space    used 836K, capacity 963K, committed 1024K, reserved 1048576K
}
Event: 1.086 GC heap after
{Heap after GC invocations=2 (full 0):
 garbage-first heap   total 262144K, used 10441K [0x0000000700c00000, 0x0000000800000000)
  region size 1024K, 1 young (1024K), 1 survivors (1024K)
 Metaspace       used 6790K, capacity 7138K, committed 7424K, reserved 1056768K
  class space    used 836K, capacity 963K, committed 1024K, reserved 1048576K
}
Event: 1.335 GC heap before
{Heap before GC invocations=2 (full 0):
 garbage-first heap   total 262144K, used 46281K [0x0000000700c00000, 0x0000000800000000)
  region size 1024K, 37 young (37888K), 1 survivors (1024K)
 Metaspace       used 12343K, capacity 12909K, committed 12928K, reserved 1060864K
  class space    used 1679K, capacity 1901K, committed 1920K, reserved 1048576K
}
Event: 1.337 GC heap after
{Heap after GC invocations=3 (full 0):
 garbage-first heap   total 262144K, used 11903K [0x0000000700c00000, 0x0000000800000000)
  region size 1024K, 3 young (3072K), 3 survivors (3072K)
 Metaspace       used 12343K, capacity 12909K, committed 12928K, reserved 1060864K
  class space    used 1679K, capacity 1901K, committed 1920K, reserved 1048576K
}
Event: 1.842 GC heap before
{Heap before GC invocations=3 (full 0):
 garbage-first heap   total 262144K, used 68223K [0x0000000700c00000, 0x0000000800000000)
  region size 1024K, 59 young (60416K), 3 survivors (3072K)
 Metaspace       used 20381K, capacity 21160K, committed 21296K, reserved 1067008K
  class space    used 2802K, capacity 3152K, committed 3200K, reserved 1048576K
}
Event: 1.847 GC heap after
{Heap after GC invocations=4 (full 0):
 garbage-first heap   total 262144K, used 14627K [0x0000000700c00000, 0x0000000800000000)
  region size 1024K, 5 young (5120K), 5 survivors (5120K)
 Metaspace       used 20381K, capacity 21160K, committed 21296K, reserved 1067008K
  class space    used 2802K, capacity 3152K, committed 3200K, reserved 1048576K
}
Event: 2.832 GC heap before
{Heap before GC invocations=5 (full 0):
 garbage-first heap   total 262144K, used 166179K [0x0000000700c00000, 0x0000000800000000)
  region size 1024K, 153 young (156672K), 5 survivors (5120K)
 Metaspace       used 29506K, capacity 30605K, committed 30768K, reserved 1075200K
  class space    used 4028K, capacity 4464K, committed 4480K, reserved 1048576K
}
Event: 2.838 GC heap after
{Heap after GC invocations=6 (full 0):
 garbage-first heap   total 262144K, used 20008K [0x0000000700c00000, 0x0000000800000000)
  region size 1024K, 10 young (10240K), 10 survivors (10240K)
 Metaspace       used 29506K, capacity 30605K, committed 30768K, reserved 1075200K
  class space    used 4028K, capacity 4464K, committed 4480K, reserved 1048576K
}
Event: 3.373 GC heap before
{Heap before GC invocations=6 (full 0):
 garbage-first heap   total 262144K, used 83496K [0x0000000700c00000, 0x0000000800000000)
  region size 1024K, 74 young (75776K), 10 survivors (10240K)
 Metaspace       used 34530K, capacity 35779K, committed 35888K, reserved 1079296K
  class space    used 4644K, capacity 5150K, committed 5248K, reserved 1048576K
}
Event: 3.385 GC heap after
{Heap after GC invocations=7 (full 0):
 garbage-first heap   total 262144K, used 22608K [0x0000000700c00000, 0x0000000800000000)
  region size 1024K, 13 young (13312K), 13 survivors (13312K)
 Metaspace       used 34530K, capacity 35779K, committed 35888K, reserved 1079296K
  class space    used 4644K, capacity 5150K, committed 5248K, reserved 1048576K
}
Event: 5.241 GC heap before
{Heap before GC invocations=8 (full 0):
 garbage-first heap   total 262144K, used 162896K [0x0000000700c00000, 0x0000000800000000)
  region size 1024K, 150 young (153600K), 13 survivors (13312K)
 Metaspace       used 52597K, capacity 54908K, committed 54960K, reserved 1095680K
  class space    used 7134K, capacity 8179K, committed 8192K, reserved 1048576K
}
Event: 5.263 GC heap after
{Heap after GC invocations=9 (full 0):
 garbage-first heap   total 315392K, used 29396K [0x0000000700c00000, 0x0000000800000000)
  region size 1024K, 15 young (15360K), 15 survivors (15360K)
 Metaspace       used 52597K, capacity 54908K, committed 54960K, reserved 1095680K
  class space    used 7134K, capacity 8179K, committed 8192K, reserved 1048576K
}
Event: 5.730 GC heap before
{Heap before GC invocations=9 (full 0):
 garbage-first heap   total 315392K, used 93908K [0x0000000700c00000, 0x0000000800000000)
  region size 1024K, 79 young (80896K), 15 survivors (15360K)
 Metaspace       used 57574K, capacity 60090K, committed 60208K, reserved 1099776K
  class space    used 7867K, capacity 9017K, committed 9088K, reserved 1048576K
}
Event: 5.743 GC heap after
{Heap after GC invocations=10 (full 0):
 garbage-first heap   total 315392K, used 32726K [0x0000000700c00000, 0x0000000800000000)
  region size 1024K, 13 young (13312K), 13 survivors (13312K)
 Metaspace       used 57574K, capacity 60090K, committed 60208K, reserved 1099776K
  class space    used 7867K, capacity 9017K, committed 9088K, reserved 1048576K
}
Event: 7.357 GC heap before
{Heap before GC invocations=11 (full 0):
 garbage-first heap   total 315392K, used 205782K [0x0000000700c00000, 0x0000000800000000)
  region size 1024K, 182 young (186368K), 13 survivors (13312K)
 Metaspace       used 66799K, capacity 69775K, committed 69936K, reserved 1107968K
  class space    used 9213K, capacity 10520K, committed 10624K, reserved 1048576K
}
Event: 7.367 GC heap after
{Heap after GC invocations=12 (full 0):
 garbage-first heap   total 315392K, used 40995K [0x0000000700c00000, 0x0000000800000000)
  region size 1024K, 19 young (19456K), 19 survivors (19456K)
 Metaspace       used 66799K, capacity 69775K, committed 69936K, reserved 1107968K
  class space    used 9213K, capacity 10520K, committed 10624K, reserved 1048576K
}
Event: 41.377 GC heap before
{Heap before GC invocations=13 (full 0):
 garbage-first heap   total 315392K, used 208931K [0x0000000700c00000, 0x0000000800000000)
  region size 1024K, 184 young (188416K), 19 survivors (19456K)
 Metaspace       used 83489K, capacity 87081K, committed 87344K, reserved 1124352K
  class space    used 11304K, capacity 12848K, committed 12928K, reserved 1048576K
}
Event: 41.389 GC heap after
{Heap after GC invocations=14 (full 0):
 garbage-first heap   total 315392K, used 51025K [0x0000000700c00000, 0x0000000800000000)
  region size 1024K, 22 young (22528K), 22 survivors (22528K)
 Metaspace       used 83489K, capacity 87081K, committed 87344K, reserved 1124352K
  class space    used 11304K, capacity 12848K, committed 12928K, reserved 1048576K
}

